17/09/19 08:42:37 INFO client.RMProxy: Connecting to ResourceManager at /0.0.0.0:8032
17/09/19 08:42:38 WARN mapreduce.JobResourceUploader: Hadoop command-line option parsing not performed. Implement the Tool interface and execute your application with ToolRunner to remedy this.
17/09/19 08:42:39 INFO input.FileInputFormat: Total input paths to process : 1
17/09/19 08:42:39 WARN hdfs.DFSClient: Caught exception
java.lang.InterruptedException
        at java.lang.Object.wait(Native Method)
        at java.lang.Thread.join(Thread.java:1281)
        at java.lang.Thread.join(Thread.java:1355)
        at org.apache.hadoop.hdfs.DFSOutputStream$DataStreamer.closeResponder(DFSOutputStream.java:952)
        at org.apache.hadoop.hdfs.DFSOutputStream$DataStreamer.endBlock(DFSOutputStream.java:690)
        at org.apache.hadoop.hdfs.DFSOutputStream$DataStreamer.run(DFSOutputStream.java:879)
17/09/19 08:42:39 INFO mapreduce.JobSubmitter: number of splits:1
17/09/19 08:42:39 INFO mapreduce.JobSubmitter: Submitting tokens for job: job_1505750399548_0016
17/09/19 08:42:39 INFO impl.YarnClientImpl: Submitted application application_1505750399548_0016
17/09/19 08:42:40 INFO mapreduce.Job: The url to track the job: http://quickstart.cloudera:8088/proxy/application_1505750399548_0016/
17/09/19 08:42:40 INFO mapreduce.Job: Running job: job_1505750399548_0016
17/09/19 08:42:51 INFO mapreduce.Job: Job job_1505750399548_0016 running in uber mode : false
17/09/19 08:42:51 INFO mapreduce.Job:  map 0% reduce 0%
17/09/19 08:43:02 INFO mapreduce.Job:  map 100% reduce 0%
17/09/19 08:43:12 INFO mapreduce.Job:  map 100% reduce 100%
17/09/19 08:43:13 INFO mapreduce.Job: Job job_1505750399548_0016 completed successfully
17/09/19 08:43:13 INFO mapreduce.Job: Counters: 49
        File System Counters
                FILE: Number of bytes read=35076
                FILE: Number of bytes written=320661
                FILE: Number of read operations=0
                FILE: Number of large read operations=0
                FILE: Number of write operations=0
                HDFS: Number of bytes read=174575
                HDFS: Number of bytes written=5235
                HDFS: Number of read operations=6
                HDFS: Number of large read operations=0
                HDFS: Number of write operations=2
        Job Counters
                Launched map tasks=1
                Launched reduce tasks=1
                Data-local map tasks=1
                Total time spent by all maps in occupied slots (ms)=7267
                Total time spent by all reduces in occupied slots (ms)=7999
                Total time spent by all map tasks (ms)=7267
                Total time spent by all reduce tasks (ms)=7999
                Total vcore-milliseconds taken by all map tasks=7267
                Total vcore-milliseconds taken by all reduce tasks=7999
                Total megabyte-milliseconds taken by all map tasks=7441408
                Total megabyte-milliseconds taken by all reduce tasks=8190976
        Map-Reduce Framework
                Map input records=1546
                Map output records=1407
                Map output bytes=32256
                Map output materialized bytes=35076
                Input split bytes=126
                Combine input records=0
                Combine output records=0
                Reduce input groups=169
                Reduce shuffle bytes=35076
                Reduce input records=1407
                Reduce output records=169
                Spilled Records=2814
                Shuffled Maps =1
                Failed Shuffles=0
                Merged Map outputs=1
                GC time elapsed (ms)=200
                CPU time spent (ms)=2170
                Physical memory (bytes) snapshot=357347328
                Virtual memory (bytes) snapshot=3015266304
                Total committed heap usage (bytes)=226627584
        Shuffle Errors
                BAD_ID=0
                CONNECTION=0
                IO_ERROR=0
                WRONG_LENGTH=0
                WRONG_MAP=0
                WRONG_REDUCE=0
        File Input Format Counters
                Bytes Read=174449
        File Output Format Counters
                Bytes Written=5235

