17/09/19 12:47:23 INFO client.RMProxy: Connecting to ResourceManager at /0.0.0.0:8032
17/09/19 12:47:24 WARN mapreduce.JobResourceUploader: Hadoop command-line option parsing not performed. Implement the Tool interface and execute your application with ToolRunner to remedy this.
17/09/19 12:47:24 INFO input.FileInputFormat: Total input paths to process : 1
17/09/19 12:47:24 WARN hdfs.DFSClient: Caught exception
java.lang.InterruptedException
        at java.lang.Object.wait(Native Method)
        at java.lang.Thread.join(Thread.java:1281)
        at java.lang.Thread.join(Thread.java:1355)
        at org.apache.hadoop.hdfs.DFSOutputStream$DataStreamer.closeResponder(DFSOutputStream.java:952)
        at org.apache.hadoop.hdfs.DFSOutputStream$DataStreamer.endBlock(DFSOutputStream.java:690)
        at org.apache.hadoop.hdfs.DFSOutputStream$DataStreamer.run(DFSOutputStream.java:879)
17/09/19 12:47:24 WARN hdfs.DFSClient: Caught exception
java.lang.InterruptedException
        at java.lang.Object.wait(Native Method)
        at java.lang.Thread.join(Thread.java:1281)
        at java.lang.Thread.join(Thread.java:1355)
        at org.apache.hadoop.hdfs.DFSOutputStream$DataStreamer.closeResponder(DFSOutputStream.java:952)
        at org.apache.hadoop.hdfs.DFSOutputStream$DataStreamer.endBlock(DFSOutputStream.java:690)
        at org.apache.hadoop.hdfs.DFSOutputStream$DataStreamer.run(DFSOutputStream.java:879)
17/09/19 12:47:24 INFO mapreduce.JobSubmitter: number of splits:1
17/09/19 12:47:24 INFO mapreduce.JobSubmitter: Submitting tokens for job: job_1505750399548_0039
17/09/19 12:47:25 INFO impl.YarnClientImpl: Submitted application application_1505750399548_0039
17/09/19 12:47:25 INFO mapreduce.Job: The url to track the job: http://quickstart.cloudera:8088/proxy/application_1505750399548_0039/
17/09/19 12:47:25 INFO mapreduce.Job: Running job: job_1505750399548_0039
17/09/19 12:47:36 INFO mapreduce.Job: Job job_1505750399548_0039 running in uber mode : false
17/09/19 12:47:36 INFO mapreduce.Job:  map 0% reduce 0%
17/09/19 12:47:45 INFO mapreduce.Job:  map 100% reduce 0%
17/09/19 12:48:00 INFO mapreduce.Job:  map 100% reduce 100%
17/09/19 12:48:01 INFO mapreduce.Job: Job job_1505750399548_0039 completed successfully
17/09/19 12:48:01 INFO mapreduce.Job: Counters: 49
        File System Counters
                FILE: Number of bytes read=5786
                FILE: Number of bytes written=262131
                FILE: Number of read operations=0
                FILE: Number of large read operations=0
                FILE: Number of write operations=0
                HDFS: Number of bytes read=174575
                HDFS: Number of bytes written=5235
                HDFS: Number of read operations=6
                HDFS: Number of large read operations=0
                HDFS: Number of write operations=2
        Job Counters
                Launched map tasks=1
                Launched reduce tasks=1
                Data-local map tasks=1
                Total time spent by all maps in occupied slots (ms)=7241
                Total time spent by all reduces in occupied slots (ms)=13072
                Total time spent by all map tasks (ms)=7241
                Total time spent by all reduce tasks (ms)=13072
                Total vcore-milliseconds taken by all map tasks=7241
                Total vcore-milliseconds taken by all reduce tasks=13072
                Total megabyte-milliseconds taken by all map tasks=7414784
                Total megabyte-milliseconds taken by all reduce tasks=13385728
        Map-Reduce Framework
                Map input records=1546
                Map output records=169
                Map output bytes=5442
                Map output materialized bytes=5786
                Input split bytes=126
                Combine input records=0
                Combine output records=0
                Reduce input groups=169
                Reduce shuffle bytes=5786
                Reduce input records=169
                Reduce output records=169
                Spilled Records=338
                Shuffled Maps =1
                Failed Shuffles=0
                Merged Map outputs=1
                GC time elapsed (ms)=204
                CPU time spent (ms)=2140
                Physical memory (bytes) snapshot=350478336
                Virtual memory (bytes) snapshot=3015901184
                Total committed heap usage (bytes)=226627584
        Shuffle Errors
                BAD_ID=0
                CONNECTION=0
                IO_ERROR=0
                WRONG_LENGTH=0
                WRONG_MAP=0
                WRONG_REDUCE=0
        File Input Format Counters
                Bytes Read=174449
        File Output Format Counters
                Bytes Written=5235

