17/09/19 15:23:29 INFO client.RMProxy: Connecting to ResourceManager at /0.0.0.0:8032
17/09/19 15:23:29 WARN mapreduce.JobResourceUploader: Hadoop command-line option parsing not performed. Implement the Tool interface and execute your application with ToolRunner to remedy this.
17/09/19 15:23:30 INFO input.FileInputFormat: Total input paths to process : 1
17/09/19 15:23:30 INFO mapreduce.JobSubmitter: number of splits:1
17/09/19 15:23:30 INFO mapreduce.JobSubmitter: Submitting tokens for job: job_1505750399548_0047
17/09/19 15:23:31 INFO impl.YarnClientImpl: Submitted application application_1505750399548_0047
17/09/19 15:23:31 INFO mapreduce.Job: The url to track the job: http://quickstart.cloudera:8088/proxy/application_1505750399548_0047/
17/09/19 15:23:31 INFO mapreduce.Job: Running job: job_1505750399548_0047
17/09/19 15:23:43 INFO mapreduce.Job: Job job_1505750399548_0047 running in uber mode : false
17/09/19 15:23:43 INFO mapreduce.Job:  map 0% reduce 0%
17/09/19 15:23:53 INFO mapreduce.Job:  map 100% reduce 0%
17/09/19 15:24:03 INFO mapreduce.Job:  map 100% reduce 100%
17/09/19 15:24:04 INFO mapreduce.Job: Job job_1505750399548_0047 completed successfully
17/09/19 15:24:04 INFO mapreduce.Job: Counters: 49
        File System Counters
                FILE: Number of bytes read=766
                FILE: Number of bytes written=252069
                FILE: Number of read operations=0
                FILE: Number of large read operations=0
                FILE: Number of write operations=0
                HDFS: Number of bytes read=214
                HDFS: Number of bytes written=310
                HDFS: Number of read operations=6
                HDFS: Number of large read operations=0
                HDFS: Number of write operations=2
        Job Counters
                Launched map tasks=1
                Launched reduce tasks=1
                Data-local map tasks=1
                Total time spent by all maps in occupied slots (ms)=6739
                Total time spent by all reduces in occupied slots (ms)=7536
                Total time spent by all map tasks (ms)=6739
                Total time spent by all reduce tasks (ms)=7536
                Total vcore-milliseconds taken by all map tasks=6739
                Total vcore-milliseconds taken by all reduce tasks=7536
                Total megabyte-milliseconds taken by all map tasks=6900736
                Total megabyte-milliseconds taken by all reduce tasks=7716864
        Map-Reduce Framework
                Map input records=2
                Map output records=20
                Map output bytes=720
                Map output materialized bytes=766
                Input split bytes=126
                Combine input records=0
                Combine output records=0
                Reduce input groups=6
                Reduce shuffle bytes=766
                Reduce input records=20
                Reduce output records=6
                Spilled Records=40
                Shuffled Maps =1
                Failed Shuffles=0
                Merged Map outputs=1
                GC time elapsed (ms)=209
                CPU time spent (ms)=1830
                Physical memory (bytes) snapshot=361844736
                Virtual memory (bytes) snapshot=3015716864
                Total committed heap usage (bytes)=226627584
        Shuffle Errors
                BAD_ID=0
                CONNECTION=0
                IO_ERROR=0
                WRONG_LENGTH=0
                WRONG_MAP=0
                WRONG_REDUCE=0
        File Input Format Counters
                Bytes Read=88
        File Output Format Counters
                Bytes Written=310

