17/09/19 16:05:39 INFO client.RMProxy: Connecting to ResourceManager at /0.0.0.0:8032
17/09/19 16:05:40 WARN mapreduce.JobResourceUploader: Hadoop command-line option parsing not performed. Implement the Tool interface and execute your application with ToolRunner to remedy this.
17/09/19 16:05:41 INFO input.FileInputFormat: Total input paths to process : 1
17/09/19 16:05:41 WARN hdfs.DFSClient: Caught exception
java.lang.InterruptedException
        at java.lang.Object.wait(Native Method)
        at java.lang.Thread.join(Thread.java:1281)
        at java.lang.Thread.join(Thread.java:1355)
        at org.apache.hadoop.hdfs.DFSOutputStream$DataStreamer.closeResponder(DFSOutputStream.java:952)
        at org.apache.hadoop.hdfs.DFSOutputStream$DataStreamer.endBlock(DFSOutputStream.java:690)
        at org.apache.hadoop.hdfs.DFSOutputStream$DataStreamer.run(DFSOutputStream.java:879)
17/09/19 16:05:41 INFO mapreduce.JobSubmitter: number of splits:1
17/09/19 16:05:41 INFO mapreduce.JobSubmitter: Submitting tokens for job: job_1505750399548_0050
17/09/19 16:05:42 INFO impl.YarnClientImpl: Submitted application application_1505750399548_0050
17/09/19 16:05:42 INFO mapreduce.Job: The url to track the job: http://quickstart.cloudera:8088/proxy/application_1505750399548_0050/
17/09/19 16:05:42 INFO mapreduce.Job: Running job: job_1505750399548_0050
17/09/19 16:05:53 INFO mapreduce.Job: Job job_1505750399548_0050 running in uber mode : false
17/09/19 16:05:53 INFO mapreduce.Job:  map 0% reduce 0%
17/09/19 16:06:01 INFO mapreduce.Job:  map 100% reduce 0%
17/09/19 16:06:16 INFO mapreduce.Job:  map 100% reduce 100%
17/09/19 16:06:16 INFO mapreduce.Job: Job job_1505750399548_0050 completed successfully
17/09/19 16:06:16 INFO mapreduce.Job: Counters: 49
        File System Counters
                FILE: Number of bytes read=902
                FILE: Number of bytes written=252341
                FILE: Number of read operations=0
                FILE: Number of large read operations=0
                FILE: Number of write operations=0
                HDFS: Number of bytes read=214
                HDFS: Number of bytes written=284
                HDFS: Number of read operations=6
                HDFS: Number of large read operations=0
                HDFS: Number of write operations=2
        Job Counters
                Launched map tasks=1
                Launched reduce tasks=1
                Data-local map tasks=1
                Total time spent by all maps in occupied slots (ms)=6699
                Total time spent by all reduces in occupied slots (ms)=10637
                Total time spent by all map tasks (ms)=6699
                Total time spent by all reduce tasks (ms)=10637
                Total vcore-milliseconds taken by all map tasks=6699
                Total vcore-milliseconds taken by all reduce tasks=10637
                Total megabyte-milliseconds taken by all map tasks=6859776
                Total megabyte-milliseconds taken by all reduce tasks=10892288
        Map-Reduce Framework
                Map input records=2
                Map output records=64
                Map output bytes=768
                Map output materialized bytes=902
                Input split bytes=126
                Combine input records=0
                Combine output records=0
                Reduce input groups=26
                Reduce shuffle bytes=902
                Reduce input records=64
                Reduce output records=6
                Spilled Records=128
                Shuffled Maps =1
                Failed Shuffles=0
                Merged Map outputs=1
                GC time elapsed (ms)=203
                CPU time spent (ms)=1750
                Physical memory (bytes) snapshot=356331520
                Virtual memory (bytes) snapshot=3015274496
                Total committed heap usage (bytes)=226627584
        Shuffle Errors
                BAD_ID=0
                CONNECTION=0
                IO_ERROR=0
                WRONG_LENGTH=0
                WRONG_MAP=0
                WRONG_REDUCE=0
        File Input Format Counters
                Bytes Read=88
        File Output Format Counters
                Bytes Written=284

